<?xml version="1.0" encoding="UTF-8"?>
<!-- Generated by org.testng.reporters.JUnitXMLReporter -->
<testsuite ignored="1" hostname="Integrass-QA" failures="0" tests="2" name="Default test" time="14.499" errors="0" timestamp="2023-01-25T16:10:21 IST">
  <testcase classname="testCases.Field_validation" name="aurllaunch" time="12.885"/>
  <testcase classname="testCases.Field_validation" name="takescreen" time="1.554"/>
  <testcase classname="testCases.Field_validation" name="testcase1" time="0.0">
    <ignored/>
  </testcase> <!-- testcase1 -->
</testsuite> <!-- Default test -->
