<?xml version="1.0" encoding="UTF-8"?>
<testng-results ignored="1" total="3" passed="2" failed="0" skipped="0">
  <reporter-output>
  </reporter-output>
  <suite started-at="2023-01-25T16:10:07 IST" name="Default suite" finished-at="2023-01-25T16:10:21 IST" duration-ms="14499">
    <groups>
    </groups>
    <test started-at="2023-01-25T16:10:07 IST" name="Default test" finished-at="2023-01-25T16:10:21 IST" duration-ms="14499">
      <class name="testCases.Field_validation">
        <test-method signature="aurllaunch()[pri:0, instance:testCases.Field_validation@534a5a98]" started-at="2023-01-25T16:10:07 IST" name="aurllaunch" finished-at="2023-01-25T16:10:20 IST" duration-ms="12885" status="PASS">
          <reporter-output>
          </reporter-output>
        </test-method> <!-- aurllaunch -->
        <test-method signature="takescreen()[pri:2, instance:testCases.Field_validation@534a5a98]" started-at="2023-01-25T16:10:20 IST" name="takescreen" finished-at="2023-01-25T16:10:21 IST" duration-ms="1554" status="PASS">
          <reporter-output>
          </reporter-output>
        </test-method> <!-- takescreen -->
      </class> <!-- testCases.Field_validation -->
    </test> <!-- Default test -->
  </suite> <!-- Default suite -->
</testng-results>
